e:\work_space\兼职\des_encdec\des_encdec\desenc\debug\desenc.pch
e:\work_space\兼职\des_encdec\des_encdec\desenc\debug\vc140.pdb
e:\work_space\兼职\des_encdec\des_encdec\desenc\debug\vc140.idb
e:\work_space\兼职\des_encdec\des_encdec\desenc\debug\stdafx.obj
e:\work_space\兼职\des_encdec\des_encdec\desenc\debug\aes.obj
e:\work_space\兼职\des_encdec\des_encdec\desenc\debug\des.obj
e:\work_space\兼职\des_encdec\des_encdec\desenc\debug\desenc.obj
e:\work_space\兼职\des_encdec\des_encdec\desenc\debug\desencdlg.obj
e:\work_space\兼职\des_encdec\des_encdec\debug\desenc.ilk
e:\work_space\兼职\des_encdec\des_encdec\debug\desenc.exe
e:\work_space\兼职\des_encdec\des_encdec\debug\desenc.pdb
e:\work_space\兼职\des_encdec\des_encdec\desenc\debug\desenc.res
e:\work_space\兼职\des_encdec\des_encdec\desenc\debug\desenc.tlog\cl.command.1.tlog
e:\work_space\兼职\des_encdec\des_encdec\desenc\debug\desenc.tlog\cl.read.1.tlog
e:\work_space\兼职\des_encdec\des_encdec\desenc\debug\desenc.tlog\cl.write.1.tlog
e:\work_space\兼职\des_encdec\des_encdec\desenc\debug\desenc.tlog\link.command.1.tlog
e:\work_space\兼职\des_encdec\des_encdec\desenc\debug\desenc.tlog\link.read.1.tlog
e:\work_space\兼职\des_encdec\des_encdec\desenc\debug\desenc.tlog\link.write.1.tlog
e:\work_space\兼职\des_encdec\des_encdec\desenc\debug\desenc.tlog\rc.command.1.tlog
e:\work_space\兼职\des_encdec\des_encdec\desenc\debug\desenc.tlog\rc.read.1.tlog
e:\work_space\兼职\des_encdec\des_encdec\desenc\debug\desenc.tlog\rc.write.1.tlog
